# JRE version: OpenJDK Runtime Environment (8.0_112-b06) (build 1.8.0_112-release-b06)
# Java VM: OpenJDK 64-Bit Server VM (25.112-b06 mixed mode windows-amd64 compressed oops)
Heap:
 PSYoungGen      total 129024K, used 114383K [0x00000000d5580000, 0x00000000df200000, 0x0000000100000000)
  eden space 104960K, 100% used [0x00000000d5580000,0x00000000dbc00000,0x00000000dbc00000)
  from space 24064K, 39% used [0x00000000dda80000,0x00000000de3b3c10,0x00000000df200000)
  to   space 27648K, 26% used [0x00000000dbc00000,0x00000000dc33c010,0x00000000dd700000)
 ParOldGen       total 119808K, used 48524K [0x0000000080000000, 0x0000000087500000, 0x00000000d5580000)
  object space 119808K, 40% used [0x0000000080000000,0x0000000082f63218,0x0000000087500000)
 Metaspace       used 60417K, capacity 63238K, committed 63360K, reserved 1103872K
  class space    used 8145K, capacity 8741K, committed 8832K, reserved 1048576K
GC Heap History (10 events):
Event: 88.562 GC heap after
Heap after GC invocations=21 (full 2):
 PSYoungGen      total 92160K, used 19424K [0x00000000d5580000, 0x00000000de200000, 0x0000000100000000)
  eden space 72704K, 0% used [0x00000000d5580000,0x00000000d5580000,0x00000000d9c80000)
  from space 19456K, 99% used [0x00000000d9c80000,0x00000000daf78010,0x00000000daf80000)
  to   space 24064K, 0% used [0x00000000dca80000,0x00000000dca80000,0x00000000de200000)
 ParOldGen       total 68096K, used 24772K [0x0000000080000000, 0x0000000084280000, 0x00000000d5580000)
  object space 68096K, 36% used [0x0000000080000000,0x0000000081831108,0x0000000084280000)
 Metaspace       used 53112K, capacity 55006K, committed 55168K, reserved 1097728K
  class space    used 7276K, capacity 7691K, committed 7808K, reserved 1048576K
}
Event: 91.219 GC heap before
{Heap before GC invocations=22 (full 2):
 PSYoungGen      total 92160K, used 82130K [0x00000000d5580000, 0x00000000de200000, 0x0000000100000000)
  eden space 72704K, 86% used [0x00000000d5580000,0x00000000d92bc9d0,0x00000000d9c80000)
  from space 19456K, 99% used [0x00000000d9c80000,0x00000000daf78010,0x00000000daf80000)
  to   space 24064K, 0% used [0x00000000dca80000,0x00000000dca80000,0x00000000de200000)
 ParOldGen       total 68096K, used 24772K [0x0000000080000000, 0x0000000084280000, 0x00000000d5580000)
  object space 68096K, 36% used [0x0000000080000000,0x0000000081831108,0x0000000084280000)
 Metaspace       used 56548K, capacity 58984K, committed 59008K, reserved 1099776K
  class space    used 7757K, capacity 8316K, committed 8320K, reserved 1048576K
Event: 91.293 GC heap after
Heap after GC invocations=22 (full 2):
 PSYoungGen      total 114688K, used 24055K [0x00000000d5580000, 0x00000000dec80000, 0x0000000100000000)
  eden space 90624K, 0% used [0x00000000d5580000,0x00000000d5580000,0x00000000dae00000)
  from space 24064K, 99% used [0x00000000dca80000,0x00000000de1fdc80,0x00000000de200000)
  to   space 29184K, 0% used [0x00000000dae00000,0x00000000dae00000,0x00000000dca80000)
 ParOldGen       total 68096K, used 29060K [0x0000000080000000, 0x0000000084280000, 0x00000000d5580000)
  object space 68096K, 42% used [0x0000000080000000,0x0000000081c612f0,0x0000000084280000)
 Metaspace       used 56548K, capacity 58984K, committed 59008K, reserved 1099776K
  class space    used 7757K, capacity 8316K, committed 8320K, reserved 1048576K
}
Event: 91.293 GC heap before
{Heap before GC invocations=23 (full 3):
 PSYoungGen      total 114688K, used 24055K [0x00000000d5580000, 0x00000000dec80000, 0x0000000100000000)
  eden space 90624K, 0% used [0x00000000d5580000,0x00000000d5580000,0x00000000dae00000)
  from space 24064K, 99% used [0x00000000dca80000,0x00000000de1fdc80,0x00000000de200000)
  to   space 29184K, 0% used [0x00000000dae00000,0x00000000dae00000,0x00000000dca80000)
 ParOldGen       total 68096K, used 29060K [0x0000000080000000, 0x0000000084280000, 0x00000000d5580000)
  object space 68096K, 42% used [0x0000000080000000,0x0000000081c612f0,0x0000000084280000)
 Metaspace       used 56548K, capacity 58984K, committed 59008K, reserved 1099776K
  class space    used 7757K, capacity 8316K, committed 8320K, reserved 1048576K
Event: 92.151 GC heap after
Heap after GC invocations=23 (full 3):
 PSYoungGen      total 114688K, used 0K [0x00000000d5580000, 0x00000000dec80000, 0x0000000100000000)
  eden space 90624K, 0% used [0x00000000d5580000,0x00000000d5580000,0x00000000dae00000)
  from space 24064K, 0% used [0x00000000dca80000,0x00000000dca80000,0x00000000de200000)
  to   space 29184K, 0% used [0x00000000dae00000,0x00000000dae00000,0x00000000dca80000)
 ParOldGen       total 119808K, used 48500K [0x0000000080000000, 0x0000000087500000, 0x00000000d5580000)
  object space 119808K, 40% used [0x0000000080000000,0x0000000082f5d218,0x0000000087500000)
 Metaspace       used 56548K, capacity 58984K, committed 59008K, reserved 1099776K
  class space    used 7757K, capacity 8316K, committed 8320K, reserved 1048576K
}
Event: 103.257 GC heap before
{Heap before GC invocations=24 (full 3):
 PSYoungGen      total 114688K, used 90624K [0x00000000d5580000, 0x00000000dec80000, 0x0000000100000000)
  eden space 90624K, 100% used [0x00000000d5580000,0x00000000dae00000,0x00000000dae00000)
  from space 24064K, 0% used [0x00000000dca80000,0x00000000dca80000,0x00000000de200000)
  to   space 29184K, 0% used [0x00000000dae00000,0x00000000dae00000,0x00000000dca80000)
 ParOldGen       total 119808K, used 48500K [0x0000000080000000, 0x0000000087500000, 0x00000000d5580000)
  object space 119808K, 40% used [0x0000000080000000,0x0000000082f5d218,0x0000000087500000)
 Metaspace       used 57521K, capacity 60048K, committed 60160K, reserved 1101824K
  class space    used 7812K, capacity 8386K, committed 8448K, reserved 1048576K
Event: 103.265 GC heap after
Heap after GC invocations=24 (full 3):
 PSYoungGen      total 119808K, used 3966K [0x00000000d5580000, 0x00000000df700000, 0x0000000100000000)
  eden space 90624K, 0% used [0x00000000d5580000,0x00000000d5580000,0x00000000dae00000)
  from space 29184K, 13% used [0x00000000dae00000,0x00000000db1dfa10,0x00000000dca80000)
  to   space 29184K, 0% used [0x00000000dda80000,0x00000000dda80000,0x00000000df700000)
 ParOldGen       total 119808K, used 48508K [0x0000000080000000, 0x0000000087500000, 0x00000000d5580000)
  object space 119808K, 40% used [0x0000000080000000,0x0000000082f5f218,0x0000000087500000)
 Metaspace       used 57521K, capacity 60048K, committed 60160K, reserved 1101824K
  class space    used 7812K, capacity 8386K, committed 8448K, reserved 1048576K
}
Event: 113.246 GC heap before
{Heap before GC invocations=25 (full 3):
 PSYoungGen      total 119808K, used 94590K [0x00000000d5580000, 0x00000000df700000, 0x0000000100000000)
  eden space 90624K, 100% used [0x00000000d5580000,0x00000000dae00000,0x00000000dae00000)
  from space 29184K, 13% used [0x00000000dae00000,0x00000000db1dfa10,0x00000000dca80000)
  to   space 29184K, 0% used [0x00000000dda80000,0x00000000dda80000,0x00000000df700000)
 ParOldGen       total 119808K, used 48508K [0x0000000080000000, 0x0000000087500000, 0x00000000d5580000)
  object space 119808K, 40% used [0x0000000080000000,0x0000000082f5f218,0x0000000087500000)
 Metaspace       used 59552K, capacity 62284K, committed 62464K, reserved 1103872K
  class space    used 8051K, capacity 8612K, committed 8704K, reserved 1048576K
Event: 113.284 GC heap after
Heap after GC invocations=25 (full 3):
 PSYoungGen      total 129024K, used 9423K [0x00000000d5580000, 0x00000000df200000, 0x0000000100000000)
  eden space 104960K, 0% used [0x00000000d5580000,0x00000000d5580000,0x00000000dbc00000)
  from space 24064K, 39% used [0x00000000dda80000,0x00000000de3b3c10,0x00000000df200000)
  to   space 27648K, 0% used [0x00000000dbc00000,0x00000000dbc00000,0x00000000dd700000)
 ParOldGen       total 119808K, used 48516K [0x0000000080000000, 0x0000000087500000, 0x00000000d5580000)
  object space 119808K, 40% used [0x0000000080000000,0x0000000082f61218,0x0000000087500000)
 Metaspace       used 59552K, capacity 62284K, committed 62464K, reserved 1103872K
  class space    used 8051K, capacity 8612K, committed 8704K, reserved 1048576K
}
Event: 4049.494 GC heap before
{Heap before GC invocations=26 (full 3):
 PSYoungGen      total 129024K, used 114383K [0x00000000d5580000, 0x00000000df200000, 0x0000000100000000)
  eden space 104960K, 100% used [0x00000000d5580000,0x00000000dbc00000,0x00000000dbc00000)
  from space 24064K, 39% used [0x00000000dda80000,0x00000000de3b3c10,0x00000000df200000)
  to   space 27648K, 0% used [0x00000000dbc00000,0x00000000dbc00000,0x00000000dd700000)
 ParOldGen       total 119808K, used 48516K [0x0000000080000000, 0x0000000087500000, 0x00000000d5580000)
  object space 119808K, 40% used [0x0000000080000000,0x0000000082f61218,0x0000000087500000)
 Metaspace       used 60417K, capacity 63238K, committed 63360K, reserved 1103872K
  class space    used 8145K, capacity 8741K, committed 8832K, reserved 1048576K

